<?xml version="1.0" encoding="UTF-8"?>
<beans xmlns="http://www.springframework.org/schema/beans"
	xmlns:xsi="http://www.w3.org/2001/XMLSchema-instance" xmlns:p="http://www.springframework.org/schema/p"
	xmlns:context="http://www.springframework.org/schema/context"
	xmlns:mvc="http://www.springframework.org/schema/mvc"
	xmlns:jee="http://www.springframework.org/schema/jee"
	xmlns:tx="http://www.springframework.org/schema/tx"
	xmlns:jpa="http://www.springframework.org/schema/data/jpa"
	xsi:schemaLocation="
        http://www.springframework.org/schema/beans
        http://www.springframework.org/schema/beans/spring-beans.xsd
        http://www.springframework.org/schema/context
        http://www.springframework.org/schema/context/spring-context.xsd
        http://www.springframework.org/schema/mvc
	    http://www.springframework.org/schema/mvc/spring-mvc.xsd
	    http://www.springframework.org/schema/jee
        http://www.springframework.org/schema/jee/spring-jee.xsd
        http://www.springframework.org/schema/tx
        http://www.springframework.org/schema/tx/spring-tx.xsd
        http://www.springframework.org/schema/data/jpa
    	http://www.springframework.org/schema/data/jpa/spring-jpa.xsd">
        
    <!-- jee:jndi-lookup id="dataSource" jndi-name="java:/comp/env/jdbc/postgres"/ --> 
    
    <bean id="entityManagerFactory" class="org.springframework.orm.jpa.LocalContainerEntityManagerFactoryBean">
    	
    	<property name="persistenceUnitName" value="TEST-BANKER-PU" />
    	<!--
    	<property name="dataSource" ref="dataSource" />
      	<property name="packagesToScan" value="com.raaldi.banker.model" />
      	<property name="jpaVendorAdapter">
        	<bean class="org.springframework.orm.jpa.vendor.HibernateJpaVendorAdapter" />
      	</property>
      	<property name="jpaProperties">
        	<props>
            	<prop key="hibernate.hbm2ddl.auto">create-drop</prop>
            	<prop key="hibernate.show_sql">true</prop>
            	<prop key="hibernate.format_sql">true</prop>
            	<prop key="hibernate.transaction.flush_before_completion">true</prop>
            	<prop key="hibernate.dialect">org.hibernate.dialect.PostgreSQLDialect</prop>
         	</props>
      	</property>
      	-->
	</bean>   
	
	<bean id="transactionManager" class="org.springframework.orm.jpa.JpaTransactionManager">
		<property name="entityManagerFactory" ref="entityManagerFactory" />
	</bean>
	
	<jpa:repositories base-package="com.raaldi.banker.dao" transaction-manager-ref="transactionManager" />
	
	<tx:annotation-driven transaction-manager="transactionManager" />
	
	<context:component-scan base-package="com.raaldi.banker.controller" />
	<context:component-scan base-package="com.raaldi.banker.service" />
	<!-- context:component-scan base-package="com.raaldi.banker.dao" / -->
	
	<tx:annotation-driven/>
	<mvc:annotation-driven />
	<!-- ... -->

</beans>