<?xml version="1.0" encoding="UTF-8"?>
<persistence xmlns="http://xmlns.jcp.org/xml/ns/persistence"
	xmlns:xsi="http://www.w3.org/2001/XMLSchema-instance"
	xsi:schemaLocation="http://xmlns.jcp.org/xml/ns/persistence
             http://xmlns.jcp.org/xml/ns/persistence/persistence_2_1.xsd"
	version="2.1">
	<persistence-unit name="TEST-BANKER-PU"
		transaction-type="RESOURCE_LOCAL">
		<description>Banker Persistence Unit</description>
		<provider>org.hibernate.ejb.HibernatePersistence</provider>
		<non-jta-data-source>java:/comp/env/jdbc/postgres</non-jta-data-source>
		<exclude-unlisted-classes>false</exclude-unlisted-classes>
		
		<properties>
			<property name="hibernate.hbm2ddl.auto" value="update" />
			<property name="hibernate.show_sql" value="true" />
			<property name="hibernate.format_sql" value="true" />
			<property name="hibernate.transaction.flush_before_completion"
				value="true" />
			<property name="hibernate.jdbc.batch_versioned_data" value="true"/>
			<property name="hibernate.dialect" value="org.hibernate.dialect.PostgreSQLDialect" />
		</properties>
	</persistence-unit>
</persistence>